{"/Users/izalena.barbosa/aceleratw-turma1-grupo2/src/assets/images/logo_carango_bom.jpeg": {"path":"/Users/izalena.barbosa/aceleratw-turma1-grupo2/src/assets/images/logo_carango_bom.jpeg","statementMap":{"0":{"start":{"line":1,"column":0},"end":{"line":1,"column":41}}},"fnMap":{},"branchMap":{},"s":{"0":1},"f":{},"b":{},"inputSourceMap":null,"_coverageSchema":"1a1c01bbd47fc00a2c39e90264f33305004495a9","hash":"5df9ea663acf1cb13e5576836d320298e642a305"}
,"/Users/izalena.barbosa/aceleratw-turma1-grupo2/src/components/atoms/Button.jsx": {"path":"/Users/izalena.barbosa/aceleratw-turma1-grupo2/src/components/atoms/Button.jsx","statementMap":{},"fnMap":{},"branchMap":{},"s":{},"f":{},"b":{}}
,"/Users/izalena.barbosa/aceleratw-turma1-grupo2/src/components/molecules/Header.jsx": {"path":"/Users/izalena.barbosa/aceleratw-turma1-grupo2/src/components/molecules/Header.jsx","statementMap":{"0":{"start":{"line":21,"column":20},"end":{"line":21,"column":23}},"1":{"start":{"line":23,"column":18},"end":{"line":77,"column":3}},"2":{"start":{"line":23,"column":41},"end":{"line":77,"column":1}},"3":{"start":{"line":80,"column":18},"end":{"line":80,"column":29}},"4":{"start":{"line":81,"column":16},"end":{"line":81,"column":26}},"5":{"start":{"line":82,"column":26},"end":{"line":82,"column":47}},"6":{"start":{"line":84,"column":27},"end":{"line":86,"column":3}},"7":{"start":{"line":85,"column":4},"end":{"line":85,"column":18}},"8":{"start":{"line":88,"column":28},"end":{"line":90,"column":3}},"9":{"start":{"line":89,"column":4},"end":{"line":89,"column":19}},"10":{"start":{"line":92,"column":2},"end":{"line":166,"column":4}}},"fnMap":{"0":{"name":"(anonymous_0)","decl":{"start":{"line":23,"column":29},"end":{"line":23,"column":30}},"loc":{"start":{"line":23,"column":41},"end":{"line":77,"column":1}},"line":23},"1":{"name":"PersistentDrawerLeft","decl":{"start":{"line":79,"column":24},"end":{"line":79,"column":44}},"loc":{"start":{"line":79,"column":47},"end":{"line":167,"column":1}},"line":79},"2":{"name":"(anonymous_2)","decl":{"start":{"line":84,"column":27},"end":{"line":84,"column":28}},"loc":{"start":{"line":84,"column":33},"end":{"line":86,"column":3}},"line":84},"3":{"name":"(anonymous_3)","decl":{"start":{"line":88,"column":28},"end":{"line":88,"column":29}},"loc":{"start":{"line":88,"column":34},"end":{"line":90,"column":3}},"line":88}},"branchMap":{"0":{"loc":{"start":{"line":108,"column":48},"end":{"line":108,"column":68}},"type":"binary-expr","locations":[{"start":{"line":108,"column":48},"end":{"line":108,"column":52}},{"start":{"line":108,"column":56},"end":{"line":108,"column":68}}],"line":108},"1":{"loc":{"start":{"line":129,"column":13},"end":{"line":129,"column":83}},"type":"cond-expr","locations":[{"start":{"line":129,"column":41},"end":{"line":129,"column":60}},{"start":{"line":129,"column":63},"end":{"line":129,"column":83}}],"line":129}},"s":{"0":1,"1":1,"2":1,"3":6,"4":6,"5":6,"6":6,"7":0,"8":6,"9":0,"10":6},"f":{"0":1,"1":6,"2":0,"3":0},"b":{"0":[6,0],"1":[6,0]},"_coverageSchema":"1a1c01bbd47fc00a2c39e90264f33305004495a9","hash":"35ae7dd499bdd7641d7803725be29d7a6bb64b9f"}
,"/Users/izalena.barbosa/aceleratw-turma1-grupo2/src/components/organisms/NewUser.jsx": {"path":"/Users/izalena.barbosa/aceleratw-turma1-grupo2/src/components/organisms/NewUser.jsx","statementMap":{"0":{"start":{"line":8,"column":2},"end":{"line":68,"column":4}}},"fnMap":{"0":{"name":"AddressForm","decl":{"start":{"line":7,"column":24},"end":{"line":7,"column":35}},"loc":{"start":{"line":7,"column":38},"end":{"line":69,"column":1}},"line":7}},"branchMap":{},"s":{"0":3},"f":{"0":3},"b":{},"_coverageSchema":"1a1c01bbd47fc00a2c39e90264f33305004495a9","hash":"5dc635263fac455400dfacd198fe789ac73850e7"}
,"/Users/izalena.barbosa/aceleratw-turma1-grupo2/src/pages/authentication/Authentication.js": {"path":"/Users/izalena.barbosa/aceleratw-turma1-grupo2/src/pages/authentication/Authentication.js","statementMap":{"0":{"start":{"line":14,"column":18},"end":{"line":43,"column":3}},"1":{"start":{"line":14,"column":41},"end":{"line":43,"column":1}},"2":{"start":{"line":46,"column":18},"end":{"line":46,"column":29}},"3":{"start":{"line":48,"column":2},"end":{"line":103,"column":4}}},"fnMap":{"0":{"name":"(anonymous_0)","decl":{"start":{"line":14,"column":29},"end":{"line":14,"column":30}},"loc":{"start":{"line":14,"column":41},"end":{"line":43,"column":1}},"line":14},"1":{"name":"Authentication","decl":{"start":{"line":45,"column":24},"end":{"line":45,"column":38}},"loc":{"start":{"line":45,"column":41},"end":{"line":104,"column":1}},"line":45}},"branchMap":{"0":{"loc":{"start":{"line":22,"column":6},"end":{"line":22,"column":87}},"type":"cond-expr","locations":[{"start":{"line":22,"column":39},"end":{"line":22,"column":61}},{"start":{"line":22,"column":64},"end":{"line":22,"column":87}}],"line":22}},"s":{"0":1,"1":1,"2":3,"3":3},"f":{"0":1,"1":3},"b":{"0":[1,0]},"_coverageSchema":"1a1c01bbd47fc00a2c39e90264f33305004495a9","hash":"cfd8dd876343a1d300c1957cf3c43c64cba2c2a7"}
,"/Users/izalena.barbosa/aceleratw-turma1-grupo2/src/pages/cars/List.js": {"path":"/Users/izalena.barbosa/aceleratw-turma1-grupo2/src/pages/cars/List.js","statementMap":{"0":{"start":{"line":8,"column":18},"end":{"line":14,"column":3}},"1":{"start":{"line":8,"column":41},"end":{"line":14,"column":1}},"2":{"start":{"line":16,"column":13},"end":{"line":19,"column":1}},"3":{"start":{"line":21,"column":16},"end":{"line":26,"column":1}},"4":{"start":{"line":29,"column":18},"end":{"line":29,"column":29}},"5":{"start":{"line":31,"column":2},"end":{"line":52,"column":4}}},"fnMap":{"0":{"name":"(anonymous_0)","decl":{"start":{"line":8,"column":29},"end":{"line":8,"column":30}},"loc":{"start":{"line":8,"column":41},"end":{"line":14,"column":1}},"line":8},"1":{"name":"List","decl":{"start":{"line":28,"column":24},"end":{"line":28,"column":28}},"loc":{"start":{"line":28,"column":31},"end":{"line":53,"column":1}},"line":28}},"branchMap":{},"s":{"0":1,"1":1,"2":1,"3":1,"4":4,"5":4},"f":{"0":1,"1":4},"b":{},"_coverageSchema":"1a1c01bbd47fc00a2c39e90264f33305004495a9","hash":"219b6ebf8542d51349da0118c147902876072c36"}
,"/Users/izalena.barbosa/aceleratw-turma1-grupo2/src/pages/newUser/NewUser.js": {"path":"/Users/izalena.barbosa/aceleratw-turma1-grupo2/src/pages/newUser/NewUser.js","statementMap":{"0":{"start":{"line":7,"column":22},"end":{"line":28,"column":3}},"1":{"start":{"line":7,"column":45},"end":{"line":28,"column":1}},"2":{"start":{"line":31,"column":18},"end":{"line":31,"column":33}},"3":{"start":{"line":33,"column":2},"end":{"line":42,"column":4}}},"fnMap":{"0":{"name":"(anonymous_0)","decl":{"start":{"line":7,"column":33},"end":{"line":7,"column":34}},"loc":{"start":{"line":7,"column":45},"end":{"line":28,"column":1}},"line":7},"1":{"name":"Checkout","decl":{"start":{"line":30,"column":24},"end":{"line":30,"column":32}},"loc":{"start":{"line":30,"column":35},"end":{"line":43,"column":1}},"line":30}},"branchMap":{},"s":{"0":1,"1":1,"2":3,"3":3},"f":{"0":1,"1":3},"b":{},"_coverageSchema":"1a1c01bbd47fc00a2c39e90264f33305004495a9","hash":"efac5d5f8a46c9187a13b0408680e48bae28b8bf"}
}
