TN:
SF:src/App.jsx
FN:8,App
FNF:1
FNH:0
FNDA:0,App
DA:9,0
LF:1
LH:0
BRF:0
BRH:0
end_of_record
TN:
SF:src/index.js
FNF:0
FNH:0
DA:7,0
DA:15,0
LF:2
LH:0
BRF:0
BRH:0
end_of_record
TN:
SF:src/reportWebVitals.js
FN:1,(anonymous_0)
FN:3,(anonymous_1)
FNF:2
FNH:0
FNDA:0,(anonymous_0)
FNDA:0,(anonymous_1)
DA:1,0
DA:2,0
DA:3,0
DA:4,0
DA:5,0
DA:6,0
DA:7,0
DA:8,0
LF:8
LH:0
BRDA:2,0,0,0
BRDA:2,0,1,0
BRDA:2,1,0,0
BRDA:2,1,1,0
BRF:4
BRH:0
end_of_record
TN:
SF:src/components/atoms/Button.jsx
FNF:0
FNH:0
LF:0
LH:0
BRF:0
BRH:0
end_of_record
TN:
SF:src/components/molecules/NavigationBar.jsx
FNF:0
FNH:0
LF:0
LH:0
BRF:0
BRH:0
end_of_record
TN:
SF:src/components/organisms/Header.jsx
FN:23,(anonymous_0)
FN:79,PersistentDrawerLeft
FN:84,(anonymous_2)
FN:88,(anonymous_3)
FN:132,(anonymous_4)
FN:141,(anonymous_5)
FNF:6
FNH:0
FNDA:0,(anonymous_0)
FNDA:0,PersistentDrawerLeft
FNDA:0,(anonymous_2)
FNDA:0,(anonymous_3)
FNDA:0,(anonymous_4)
FNDA:0,(anonymous_5)
DA:21,1
DA:23,1
DA:80,0
DA:81,0
DA:82,0
DA:84,0
DA:85,0
DA:88,0
DA:89,0
DA:92,0
DA:133,0
DA:142,0
LF:12
LH:2
BRDA:107,0,0,0
BRDA:107,0,1,0
BRDA:127,1,0,0
BRDA:127,1,1,0
BRDA:134,2,0,0
BRDA:134,2,1,0
BRDA:143,3,0,0
BRDA:143,3,1,0
BRF:8
BRH:0
end_of_record
TN:
SF:src/components/organisms/NewUser.jsx
FN:7,AddressForm
FNF:1
FNH:1
FNDA:3,AddressForm
DA:8,3
LF:1
LH:1
BRF:0
BRH:0
end_of_record
TN:
SF:src/pages/authentication/Authentication.js
FN:14,(anonymous_0)
FN:45,Authentication
FNF:2
FNH:2
FNDA:1,(anonymous_0)
FNDA:3,Authentication
DA:14,2
DA:46,3
DA:48,3
LF:3
LH:3
BRDA:22,0,0,1
BRDA:22,0,1,0
BRF:2
BRH:1
end_of_record
TN:
SF:src/pages/cars/List.js
FN:17,App
FNF:1
FNH:1
FNDA:1,App
DA:5,2
DA:10,2
DA:18,1
LF:3
LH:3
BRF:0
BRH:0
end_of_record
TN:
SF:src/pages/newUser/NewUser.js
FN:7,(anonymous_0)
FN:30,Checkout
FNF:2
FNH:2
FNDA:1,(anonymous_0)
FNDA:3,Checkout
DA:7,2
DA:31,3
DA:33,3
LF:3
LH:3
BRF:0
BRH:0
end_of_record
