TN:
SF:src/App.jsx
FN:8,App
FNF:1
FNH:0
FNDA:0,App
DA:9,0
LF:1
LH:0
BRF:0
BRH:0
end_of_record
TN:
SF:src/index.js
FNF:0
FNH:0
DA:7,0
DA:15,0
LF:2
LH:0
BRF:0
BRH:0
end_of_record
TN:
SF:src/reportWebVitals.js
FN:1,(anonymous_0)
FN:3,(anonymous_1)
FNF:2
FNH:0
FNDA:0,(anonymous_0)
FNDA:0,(anonymous_1)
DA:1,0
DA:2,0
DA:3,0
DA:4,0
DA:5,0
DA:6,0
DA:7,0
DA:8,0
LF:8
LH:0
BRDA:2,0,0,0
BRDA:2,0,1,0
BRDA:2,1,0,0
BRDA:2,1,1,0
BRF:4
BRH:0
end_of_record
TN:
SF:src/components/atoms/Button.jsx
FNF:0
FNH:0
LF:0
LH:0
BRF:0
BRH:0
end_of_record
TN:
SF:src/components/molecules/Header.jsx
FN:23,(anonymous_0)
FN:79,PersistentDrawerLeft
FN:84,(anonymous_2)
FN:88,(anonymous_3)
FNF:4
FNH:2
FNDA:1,(anonymous_0)
FNDA:6,PersistentDrawerLeft
FNDA:0,(anonymous_2)
FNDA:0,(anonymous_3)
DA:21,1
DA:23,1
DA:80,6
DA:81,6
DA:82,6
DA:84,6
DA:85,0
DA:88,6
DA:89,0
DA:92,6
LF:10
LH:8
BRDA:108,0,0,6
BRDA:108,0,1,0
BRDA:129,1,0,6
BRDA:129,1,1,0
BRF:4
BRH:2
end_of_record
TN:
SF:src/components/organisms/NewUser.jsx
FN:7,AddressForm
FNF:1
FNH:1
FNDA:3,AddressForm
DA:8,3
LF:1
LH:1
BRF:0
BRH:0
end_of_record
TN:
SF:src/pages/authentication/Authentication.js
FN:14,(anonymous_0)
FN:45,Authentication
FNF:2
FNH:2
FNDA:1,(anonymous_0)
FNDA:3,Authentication
DA:14,1
DA:46,3
DA:48,3
LF:3
LH:3
BRDA:22,0,0,1
BRDA:22,0,1,0
BRF:2
BRH:1
end_of_record
TN:
SF:src/pages/cars/List.js
FN:8,(anonymous_0)
FN:28,List
FNF:2
FNH:2
FNDA:1,(anonymous_0)
FNDA:4,List
DA:8,1
DA:16,1
DA:21,1
DA:29,4
DA:31,4
LF:5
LH:5
BRF:0
BRH:0
end_of_record
TN:
SF:src/pages/newUser/NewUser.js
FN:7,(anonymous_0)
FN:30,Checkout
FNF:2
FNH:2
FNDA:1,(anonymous_0)
FNDA:3,Checkout
DA:7,1
DA:31,3
DA:33,3
LF:3
LH:3
BRF:0
BRH:0
end_of_record
